<?xml version="1.0" encoding="UTF-8"?>
<!-- Generated by org.testng.reporters.JUnitXMLReporter -->
<testsuite hostname="DESKTOP-4V6P352" tests="4" failures="0" timestamp="10 Jun 2024 17:07:27 GMT" time="0.047" errors="0">
  <testcase name="logovanjeTest" time="0.041" classname="Test2_NeuspjesnoLogovanje_KorImeJePrazno"/>
  <testcase name="testPrijavljivanje" time="0.0" classname="Test3_NeuspjesnoLogovanje_LozinkaJePrazna"/>
  <testcase name="testPrijavljivanje" time="0.0" classname="Test4_NeuspjesnoLogovanje_LozinkaNeOdgovaraImenu"/>
  <testcase name="logovanjeTest" time="0.0" classname="Testa1_UspjesnoLogovanjeKorisnika"/>
</testsuite>
