<?xml version="1.0" encoding="UTF-8"?>
<testng-results skipped="0" failed="0" total="1" passed="1">
  <reporter-output>
  </reporter-output>
  <suite name="Surefire suite" duration-ms="301" started-at="2024-06-09T01:04:50Z" finished-at="2024-06-09T01:04:50Z">
    <groups>
    </groups>
    <test name="Surefire test" duration-ms="301" started-at="2024-06-09T01:04:50Z" finished-at="2024-06-09T01:04:50Z">
      <class name="T4NeuspesnoPrijavljivanjePogresnaLozinka">
        <test-method status="PASS" signature="setUpClass()[pri:0, instance:T4NeuspesnoPrijavljivanjePogresnaLozinka@3551a94]" name="setUpClass" is-config="true" duration-ms="16" started-at="2024-06-09T03:04:50Z" finished-at="2024-06-09T03:04:50Z">
          <reporter-output>
          </reporter-output>
        </test-method> <!-- setUpClass -->
        <test-method status="PASS" signature="setUpMethod()[pri:0, instance:T4NeuspesnoPrijavljivanjePogresnaLozinka@3551a94]" name="setUpMethod" is-config="true" duration-ms="1" started-at="2024-06-09T03:04:50Z" finished-at="2024-06-09T03:04:50Z">
          <reporter-output>
          </reporter-output>
        </test-method> <!-- setUpMethod -->
        <test-method status="PASS" signature="testPrijavljivanje()[pri:0, instance:T4NeuspesnoPrijavljivanjePogresnaLozinka@3551a94]" name="testPrijavljivanje" duration-ms="229" started-at="2024-06-09T03:04:50Z" finished-at="2024-06-09T03:04:50Z">
          <reporter-output>
          </reporter-output>
        </test-method> <!-- testPrijavljivanje -->
        <test-method status="PASS" signature="tearDownMethod()[pri:0, instance:T4NeuspesnoPrijavljivanjePogresnaLozinka@3551a94]" name="tearDownMethod" is-config="true" duration-ms="2" started-at="2024-06-09T03:04:50Z" finished-at="2024-06-09T03:04:50Z">
          <reporter-output>
          </reporter-output>
        </test-method> <!-- tearDownMethod -->
        <test-method status="PASS" signature="tearDownClass()[pri:0, instance:T4NeuspesnoPrijavljivanjePogresnaLozinka@3551a94]" name="tearDownClass" is-config="true" duration-ms="0" started-at="2024-06-09T03:04:50Z" finished-at="2024-06-09T03:04:50Z">
          <reporter-output>
          </reporter-output>
        </test-method> <!-- tearDownClass -->
      </class> <!-- T4NeuspesnoPrijavljivanjePogresnaLozinka -->
    </test> <!-- Surefire test -->
  </suite> <!-- Surefire suite -->
</testng-results>
